2016-03-15T22:11:07,1458047467,update_hourly_cpa,memory,0.14
2016-03-15T22:11:07,1458047467,update_hourly_cpc,memory,0.14
2016-03-15T22:11:07,1458047467,update_hourly_cpa,cpu,6.00
2016-03-15T22:11:07,1458047467,update_hourly_cpc,cpu,6.00
2016-03-15T22:18:06,1458047886,update_hourly_cpa,cpu,6.00
2016-03-15T22:18:06,1458047886,update_hourly_cpc,cpu,6.00
2016-03-15T22:18:06,1458047886,update_hourly_cpa,memory,0.14
2016-03-15T22:18:06,1458047886,update_hourly_cpc,memory,0.14
2016-03-15T22:18:21,1458047901,update_hourly_cpc,cpu,6.00
2016-03-15T22:18:21,1458047901,update_hourly_cpc,memory,0.14
2016-03-15T22:18:21,1458047901,update_hourly_cpa,memory,0.14
2016-03-15T22:18:21,1458047901,update_hourly_cpa,cpu,6.00
2016-03-16T22:53:48,1458136428,update_hourly_cpa,memory,0.14
2016-03-16T22:53:48,1458136428,update_hourly_cpc,cpu,6.00
2016-03-16T22:53:48,1458136428,update_hourly_cpc,memory,0.14
2016-03-16T22:53:48,1458136428,update_hourly_cpa,cpu,6.00
2016-03-16T22:54:04,1458136444,update_hourly_cpa,memory,0.14
2016-03-16T22:54:04,1458136444,update_hourly_cpc,memory,0.14
2016-03-17T08:08:29,1458169709,target_script,memory,43580.00
2016-03-17T08:08:29,1458169709,target_script,cpu,0.00
2016-03-17T08:08:29,1458169709,target_script2,memory,43580.00
2016-03-17T08:08:29,1458169709,target_script2,cpu,0.00
2016-03-17T08:09:29,1458169769,target_script,cpu,6.00
2016-03-17T08:09:29,1458169769,target_script2,memory,0.14
2016-03-17T08:09:29,1458169769,target_script2,cpu,6.00
2016-03-17T08:09:29,1458169769,target_script,memory,0.14
2016-03-17T08:37:29,1458171449,target_script,cpu,6
2016-03-17T08:37:29,1458171449,target_script,memory,0.14
2016-03-17T08:37:29,1458171449,target_script2,cpu,6
2016-03-17T08:37:29,1458171449,target_script2,memory,0.14
2016-03-17T08:37:37,1458171457,target_script2,cpu,6
2016-03-17T08:37:37,1458171457,target_script2,memory,0.14
2016-03-17T08:37:37,1458171457,target_script,cpu,6
2016-03-17T08:37:37,1458171457,target_script,memory,0.14
2016-03-17T08:39:34,1458171574,target_script2,cpu,6
2016-03-17T08:39:34,1458171574,target_script2,memory,0.14
2016-03-17T08:39:34,1458171574,target_script,memory,0.14
2016-03-17T08:39:34,1458171574,target_script,cpu,6
2016-03-17T08:40:36,1458171636,target_script2,cpu,6.01
2016-03-17T08:40:36,1458171636,target_script2,memory,0.14
2016-03-17T08:40:36,1458171636,target_script,cpu,6.01
2016-03-17T08:40:36,1458171636,target_script,memory,0.14
2016-03-17T08:55:18,1458172518,target_script2,cpu,6.01
2016-03-17T08:55:18,1458172518,target_script2,memory,0.14
2016-03-17T08:55:18,1458172518,target_script,memory,0.14
2016-03-17T08:55:18,1458172518,target_script,cpu,6.01
2016-03-17T08:55:36,1458172536,target_script,cpu,6.01
2016-03-17T08:55:36,1458172536,target_script,memory,0.14
2016-03-17T08:55:36,1458172536,target_script2,memory,0.14
2016-03-17T08:55:36,1458172536,target_script2,cpu,6.01
2016-03-18T01:12:16,1458231136,target_script2,memory,0.14
2016-03-18T01:12:16,1458231136,target_script2,cpu,6.01
2016-03-18T01:12:16,1458231136,target_script,memory,0.14
2016-03-18T01:12:16,1458231136,target_script,cpu,6.01
2016-03-18T01:18:20,1458231500,target_script2,memory,0.14
2016-03-18T01:18:20,1458231500,target_script2,cpu,6.01
2016-03-18T01:18:20,1458231500,target_script,memory,0.14
2016-03-18T01:18:20,1458231500,target_script,cpu,6.01
2016-03-18T01:41:50,1458232910,target_script,memory,0.14
2016-03-18T01:41:50,1458232910,target_script,cpu,6.01
2016-03-18T01:41:50,1458232910,target_script2,cpu,36.06
2016-03-18T01:41:50,1458232910,target_script2,memory,0.84
2016-03-18T01:44:38,1458233078,target_script,cpu,6.01
2016-03-18T01:44:38,1458233078,target_script,memory,0.14
2016-03-18T01:44:38,1458233078,target_script2,cpu,36.06
2016-03-18T01:44:38,1458233078,target_script2,memory,0.84
2016-03-18T01:44:51,1458233091,target_script2,cpu,6.01
2016-03-18T01:44:51,1458233091,target_script2,memory,0.14
2016-03-18T01:44:51,1458233091,target_script,cpu,6.01
2016-03-18T01:44:51,1458233091,target_script,memory,0.14
2016-03-18T01:45:05,1458233105,target_script2,cpu,36.06
2016-03-18T01:45:05,1458233105,target_script2,memory,0.84
2016-03-18T01:45:05,1458233105,target_script,memory,0.14
2016-03-18T01:45:05,1458233105,target_script,cpu,6.01
2016-03-18T08:34:46,1458257686,target_script,cpu,6.01
2016-03-18T08:34:46,1458257686,target_script,memory,0.14
2016-03-18T08:34:46,1458257686,target_script2,cpu,36.06
2016-03-18T08:34:46,1458257686,target_script2,memory,0.84
2016-03-18T08:41:25,1458258085,target_script,cpu,6.01
2016-03-18T08:41:25,1458258085,target_script,memory,0.14
2016-03-18T08:41:25,1458258085,target_script2,memory,0.84
2016-03-18T08:41:25,1458258085,target_script2,cpu,36.06
2016-03-19T11:06:50,1458353210,target_script,memory,0.14
2016-03-19T11:06:50,1458353210,target_script,cpu,6.01
2016-03-19T11:06:50,1458353210,target_script2,cpu,36.06
2016-03-19T11:06:50,1458353210,target_script2,memory,0.84
2016-03-19T11:07:06,1458353226,target_script,cpu,12.02
2016-03-19T11:07:06,1458353226,target_script,memory,0.28
2016-03-19T11:07:06,1458353226,target_script2,cpu,42.07
2016-03-19T11:07:06,1458353226,target_script2,memory,0.98
2016-03-28T20:54:34,1459166074,target_script2,memory,0.84
2016-03-28T20:54:34,1459166074,target_script2,cpu,36.06
2016-03-28T20:54:34,1459166074,target_script,cpu,6.01
2016-03-28T20:54:34,1459166074,target_script,memory,0.14
2016-03-28T21:02:08,1459166528,target_script,cpu,6.01
2016-03-28T21:02:08,1459166528,target_script,memory,0.14
2016-03-28T21:02:08,1459166528,target_script2,cpu,36.06
2016-03-28T21:02:08,1459166528,target_script2,memory,0.84
2016-04-01T18:23:14,1459502594,target_script,cpu,6.01
2016-04-01T18:23:14,1459502594,target_script,memory,0.14
2016-04-01T18:23:14,1459502594,target_script2,cpu,36.06
2016-04-01T18:23:14,1459502594,target_script2,memory,0.84
2016-04-01T18:24:22,1459502662,target_script2,cpu,36.06
2016-04-01T18:24:22,1459502662,target_script2,memory,0.84
2016-04-01T18:24:22,1459502662,target_script,cpu,6.01
2016-04-01T18:24:22,1459502662,target_script,memory,0.14
2016-04-01T18:25:07,1459502707,target_script,memory,0.14
2016-04-01T18:25:07,1459502707,target_script,cpu,6.01
2016-04-01T18:25:07,1459502707,target_script2,memory,0.84
2016-04-01T18:25:07,1459502707,target_script2,cpu,36.06
2016-04-01T18:25:56,1459502756,target_script2,memory,0.84
2016-04-01T18:25:56,1459502756,target_script2,cpu,36.06
2016-04-01T18:25:56,1459502756,target_script,memory,0.14
2016-04-01T18:25:56,1459502756,target_script,cpu,6.01
2016-04-01T18:26:47,1459502807,target_script2,memory,0.84
2016-04-01T18:26:47,1459502807,target_script2,cpu,36.06
2016-04-01T18:26:47,1459502807,target_script,cpu,6.01
2016-04-01T18:26:47,1459502807,target_script,memory,0.14
2016-04-01T18:28:01,1459502881,target_script,cpu,6.01
2016-04-01T18:28:01,1459502881,target_script,memory,0.14
2016-04-01T18:28:01,1459502881,target_script2,cpu,36.06
2016-04-01T18:28:01,1459502881,target_script2,memory,0.84
2016-04-01T18:36:51,1459503411,target_script2,cpu,36.06
2016-04-01T18:36:51,1459503411,target_script2,memory,0.84
2016-04-01T18:36:51,1459503411,target_script,cpu,6.01
2016-04-01T18:36:51,1459503411,target_script,memory,0.14
2016-04-01T18:38:50,1459503530,target_script,cpu,6.01
2016-04-01T18:38:50,1459503530,target_script,memory,0.14
2016-04-01T18:38:50,1459503530,target_script2,memory,0.84
2016-04-01T18:38:50,1459503530,target_script2,cpu,36.06
2016-04-01T18:39:22,1459503562,target_script2,memory,0.84
2016-04-01T18:39:22,1459503562,target_script2,cpu,36.06
2016-04-01T18:39:22,1459503562,target_script,memory,0.14
2016-04-01T18:39:22,1459503562,target_script,cpu,6.01
2016-04-01T18:43:56,1459503836,target_script,memory,0.14
2016-04-01T18:43:56,1459503836,target_script,cpu,6.01
2016-04-01T18:43:56,1459503836,target_script2,memory,0.84
2016-04-01T18:43:56,1459503836,target_script2,cpu,36.06
2016-04-02T13:25:11,1459571111,target_script,memory_rss,917436
2016-04-02T13:25:11,1459571111,target_script,memory_percent,2.92
2016-04-02T13:25:11,1459571111,target_script,cpu,29.67
2016-04-02T13:25:11,1459571111,target_script2,memory_percent,17.52
2016-04-02T13:25:11,1459571111,target_script2,memory_rss,5504616
2016-04-02T13:25:11,1459571111,target_script2,cpu,178.02
2016-04-02T13:25:41,1459571141,target_script2,memory_percent,17.52
2016-04-02T13:25:41,1459571141,target_script2,cpu,178.02
2016-04-02T13:25:41,1459571141,target_script2,memory_rss,5504616
2016-04-02T13:25:41,1459571141,target_script,memory_percent,2.92
2016-04-02T13:25:41,1459571141,target_script,cpu,29.67
2016-04-02T13:25:41,1459571141,target_script,memory_rss,917436
2016-04-02T13:26:40,1459571200,target_script2,memory_rss,5504616
2016-04-02T13:26:40,1459571200,target_script2,cpu,178.02
2016-04-02T13:26:40,1459571200,target_script2,memory_percent,17.52
2016-04-02T13:26:40,1459571200,target_script,memory_percent,2.92
2016-04-02T13:26:40,1459571200,target_script,cpu,29.67
2016-04-02T13:26:40,1459571200,target_script,memory_rss,917436
2016-04-02T13:27:42,1459571262,target_script2,memory_percent,17.52
2016-04-02T13:27:42,1459571262,target_script2,cpu,178.02
2016-04-02T13:27:42,1459571262,target_script2,memory_rss,5504616
2016-04-02T13:27:42,1459571262,target_script,memory_percent,2.92
2016-04-02T13:27:42,1459571262,target_script,cpu,29.67
2016-04-02T13:27:42,1459571262,target_script,memory_rss,917436
2016-04-02T13:27:54,1459571274,target_script,memory_percent,2.92
2016-04-02T13:27:54,1459571274,target_script,cpu,29.67
2016-04-02T13:27:54,1459571274,target_script,memory_rss,917436
2016-04-02T13:27:54,1459571274,target_script2,cpu,178.02
2016-04-02T13:27:54,1459571274,target_script2,memory_rss,5504616
2016-04-02T13:27:54,1459571274,target_script2,memory_percent,17.52
2016-04-02T13:32:33,1459571553,target_script,memory_percent,2.92
2016-04-02T13:32:33,1459571553,target_script,cpu,29.67
2016-04-02T13:32:33,1459571553,target_script,memory_rss,917436
2016-04-02T13:32:33,1459571553,target_script2,memory_rss,5504616
2016-04-02T13:32:33,1459571553,target_script2,cpu,178.02
2016-04-02T13:32:33,1459571553,target_script2,memory_percent,17.52
2016-04-02T19:21:35,1459592495,target_script,memory_percent,2.92
2016-04-02T19:21:35,1459592495,target_script,cpu,29.67
2016-04-02T19:21:35,1459592495,target_script,memory_rss,917436
2016-04-02T19:21:35,1459592495,target_script2,memory_percent,17.52
2016-04-02T19:21:35,1459592495,target_script2,cpu,178.02
2016-04-02T19:21:35,1459592495,target_script2,memory_rss,5504616
